Build started 1/2/2018 3:37:23 PM.
     1>Project "C:\Users\waynej\git\freepcb\ClibPDF-2.02\ClibPDF-2.02.vcxproj" on node 2 (Rebuild target(s)).
     1>_PrepareForClean:
         Deleting file "Release\ClibPDF-2.02.tlog\ClibPDF-2.02.lastbuildstate".
       InitializeBuildStatus:
         Creating "Release\ClibPDF-2.02.tlog\unsuccessfulbuild" because "AlwaysCreate" was specified.
       ClCompile:
         C:\Program Files (x86)\Microsoft Visual Studio 14.0\VC\bin\CL.exe /c /Zi /nologo /W3 /WX- /O2 /Oi /Oy- /GL /D WIN32 /D NDEBUG /D _LIB /D _UNICODE /D UNICODE /D _CRT_SECURE_NO_WARNINGS /Gm- /EHsc /MD /GS /Gy /fp:precise /Zc:wchar_t /Zc:forScope /Zc:inline /Fo"Release\\" /Fd"Release\ClibPDF-2.02.pdb" /Gd /TC /analyze- /errorReport:prompt source\adler32.c source\compress.c source\cpdfAnnot.c source\cpdfArc.c source\cpdfAxis.c source\cpdfColor.c source\cpdfDomain.c source\cpdfDomPlot.c source\cpdfFont.c source\cpdfGstate.c source\cpdfImage.c source\cpdfImgIL.c source\cpdfInit.c source\cpdfMarker.c source\cpdfMemBuf.c source\cpdfOutline.c source\cpdfPreview.c source\cpdfRawPlot.c source\cpdfReadPFB.c source\cpdfReadPFM.c source\cpdfText.c source\cpdfTextBox.c source\cpdfTicInt.c source\cpdfTime.c source\cpdfUtil.c source\deflate.c source\jpegsize.c source\testpdf.c source\trees.c source\zutil.c
         adler32.c
         compress.c
         cpdfAnnot.c
         cpdfArc.c
         cpdfAxis.c
         cpdfColor.c
         cpdfDomain.c
         cpdfDomPlot.c
         cpdfFont.c
         cpdfGstate.c
         cpdfImage.c
         cpdfImgIL.c
         cpdfInit.c
         cpdfMarker.c
         cpdfMemBuf.c
         cpdfOutline.c
         cpdfPreview.c
     1>source\cpdfPreview.c(119): warning C4133: 'function': incompatible types - from 'char *' to 'LPCWSTR'
     1>source\cpdfPreview.c(120): warning C4133: 'function': incompatible types - from 'char *' to 'LPCWSTR'
         cpdfRawPlot.c
         cpdfReadPFB.c
         cpdfReadPFM.c
         Compiling...
         cpdfText.c
         cpdfTextBox.c
         cpdfTicInt.c
         cpdfTime.c
         cpdfUtil.c
         deflate.c
         jpegsize.c
         testpdf.c
         trees.c
         zutil.c
       Lib:
         C:\Program Files (x86)\Microsoft Visual Studio 14.0\VC\bin\Lib.exe /OUT:"C:\Users\waynej\git\freepcb\Release\ClibPDF-2.02.lib" /NOLOGO /LTCG Release\adler32.obj
         Release\compress.obj
         Release\cpdfAnnot.obj
         Release\cpdfArc.obj
         Release\cpdfAxis.obj
         Release\cpdfColor.obj
         Release\cpdfDomain.obj
         Release\cpdfDomPlot.obj
         Release\cpdfFont.obj
         Release\cpdfGstate.obj
         Release\cpdfImage.obj
         Release\cpdfImgIL.obj
         Release\cpdfInit.obj
         Release\cpdfMarker.obj
         Release\cpdfMemBuf.obj
         Release\cpdfOutline.obj
         Release\cpdfPreview.obj
         Release\cpdfRawPlot.obj
         Release\cpdfReadPFB.obj
         Release\cpdfReadPFM.obj
         Release\cpdfText.obj
         Release\cpdfTextBox.obj
         Release\cpdfTicInt.obj
         Release\cpdfTime.obj
         Release\cpdfUtil.obj
         Release\deflate.obj
         Release\jpegsize.obj
         Release\testpdf.obj
         Release\trees.obj
         Release\zutil.obj
         ClibPDF-2.02.vcxproj -> C:\Users\waynej\git\freepcb\Release\ClibPDF-2.02.lib
       FinalizeBuildStatus:
         Deleting file "Release\ClibPDF-2.02.tlog\unsuccessfulbuild".
         Touching "Release\ClibPDF-2.02.tlog\ClibPDF-2.02.lastbuildstate".
     1>Done Building Project "C:\Users\waynej\git\freepcb\ClibPDF-2.02\ClibPDF-2.02.vcxproj" (Rebuild target(s)).

Build succeeded.

Time Elapsed 00:00:02.33
