c:\users\waynej\git\freepcb\clibpdf-2.02\release\clibpdf-2.02.pdb
c:\users\waynej\git\freepcb\clibpdf-2.02\release\cpdfreadpfm.obj
c:\users\waynej\git\freepcb\clibpdf-2.02\release\cpdfreadpfb.obj
c:\users\waynej\git\freepcb\clibpdf-2.02\release\cpdfrawplot.obj
c:\users\waynej\git\freepcb\clibpdf-2.02\release\cpdfpreview.obj
c:\users\waynej\git\freepcb\clibpdf-2.02\release\cpdfoutline.obj
c:\users\waynej\git\freepcb\clibpdf-2.02\release\cpdfmembuf.obj
c:\users\waynej\git\freepcb\clibpdf-2.02\release\cpdfmarker.obj
c:\users\waynej\git\freepcb\clibpdf-2.02\release\cpdfinit.obj
c:\users\waynej\git\freepcb\clibpdf-2.02\release\cpdfimgil.obj
c:\users\waynej\git\freepcb\clibpdf-2.02\release\cpdfimage.obj
c:\users\waynej\git\freepcb\clibpdf-2.02\release\cpdfgstate.obj
c:\users\waynej\git\freepcb\clibpdf-2.02\release\cpdffont.obj
c:\users\waynej\git\freepcb\clibpdf-2.02\release\cpdfdomplot.obj
c:\users\waynej\git\freepcb\clibpdf-2.02\release\cpdfdomain.obj
c:\users\waynej\git\freepcb\clibpdf-2.02\release\cpdfcolor.obj
c:\users\waynej\git\freepcb\clibpdf-2.02\release\cpdfaxis.obj
c:\users\waynej\git\freepcb\clibpdf-2.02\release\cpdfarc.obj
c:\users\waynej\git\freepcb\clibpdf-2.02\release\cpdfannot.obj
c:\users\waynej\git\freepcb\clibpdf-2.02\release\compress.obj
c:\users\waynej\git\freepcb\clibpdf-2.02\release\adler32.obj
c:\users\waynej\git\freepcb\clibpdf-2.02\release\zutil.obj
c:\users\waynej\git\freepcb\clibpdf-2.02\release\trees.obj
c:\users\waynej\git\freepcb\clibpdf-2.02\release\testpdf.obj
c:\users\waynej\git\freepcb\clibpdf-2.02\release\jpegsize.obj
c:\users\waynej\git\freepcb\clibpdf-2.02\release\deflate.obj
c:\users\waynej\git\freepcb\clibpdf-2.02\release\cpdfutil.obj
c:\users\waynej\git\freepcb\clibpdf-2.02\release\cpdftime.obj
c:\users\waynej\git\freepcb\clibpdf-2.02\release\cpdfticint.obj
c:\users\waynej\git\freepcb\clibpdf-2.02\release\cpdftextbox.obj
c:\users\waynej\git\freepcb\clibpdf-2.02\release\cpdftext.obj
c:\users\waynej\git\freepcb\release\clibpdf-2.02.lib
c:\users\waynej\git\freepcb\clibpdf-2.02\release\clibpdf-2.02.tlog\cl.command.1.tlog
c:\users\waynej\git\freepcb\clibpdf-2.02\release\clibpdf-2.02.tlog\cl.read.1.tlog
c:\users\waynej\git\freepcb\clibpdf-2.02\release\clibpdf-2.02.tlog\cl.write.1.tlog
c:\users\waynej\git\freepcb\clibpdf-2.02\release\clibpdf-2.02.tlog\lib-link.read.1.tlog
c:\users\waynej\git\freepcb\clibpdf-2.02\release\clibpdf-2.02.tlog\lib-link.write.1.tlog
c:\users\waynej\git\freepcb\clibpdf-2.02\release\clibpdf-2.02.tlog\lib.command.1.tlog
